The target system is: Darwin -  - arm
The host system is: Darwin - 19.3.0 - x86_64
Compiling the C compiler identification source file "CMakeCCompilerId.c" succeeded.
Compiler: /Applications/Xcode.app/Contents/Developer/Toolchains/XcodeDefault.xctoolchain/usr/bin/clang 
Build flags: -mfloat-abi=softfp;-arch;armv7;-miphoneos-version-min=7.0
Id flags: -c 

The output was:
0


Compilation of the C compiler identification source "CMakeCCompilerId.c" produced "CMakeCCompilerId.o"

The C compiler identification is AppleClang, found in "/Users/Valerio/Project/spe2eeapp/iOS/Spe2ee copy/libs/libjpeg-turbo-2.0.4/ARMv7/CMakeFiles/3.11.1/CompilerIdC/CMakeCCompilerId.o"

Determining if the C compiler works passed with the following output:
Change Dir: /Users/Valerio/Project/spe2eeapp/iOS/Spe2ee copy/libs/libjpeg-turbo-2.0.4/ARMv7/CMakeFiles/CMakeTmp

Run Build Command:"/usr/bin/make" "cmTC_8906a/fast"
/Applications/Xcode.app/Contents/Developer/usr/bin/make -f CMakeFiles/cmTC_8906a.dir/build.make CMakeFiles/cmTC_8906a.dir/build
Building C object CMakeFiles/cmTC_8906a.dir/testCCompiler.c.o
/Applications/Xcode.app/Contents/Developer/Toolchains/XcodeDefault.xctoolchain/usr/bin/clang   -mfloat-abi=softfp -arch armv7 -miphoneos-version-min=7.0  -isysroot /Applications/Xcode.app/Contents/Developer/Platforms/iPhoneOS.platform/Developer/SDKs/iPhoneOS.sdk   -o CMakeFiles/cmTC_8906a.dir/testCCompiler.c.o   -c "/Users/Valerio/Project/spe2eeapp/iOS/Spe2ee copy/libs/libjpeg-turbo-2.0.4/ARMv7/CMakeFiles/CMakeTmp/testCCompiler.c"
Linking C executable cmTC_8906a
/usr/local/Cellar/cmake/3.11.1/bin/cmake -E cmake_link_script CMakeFiles/cmTC_8906a.dir/link.txt --verbose=1
/Applications/Xcode.app/Contents/Developer/Toolchains/XcodeDefault.xctoolchain/usr/bin/clang -mfloat-abi=softfp -arch armv7 -miphoneos-version-min=7.0  -isysroot /Applications/Xcode.app/Contents/Developer/Platforms/iPhoneOS.platform/Developer/SDKs/iPhoneOS.sdk -Wl,-headerpad_max_install_names   CMakeFiles/cmTC_8906a.dir/testCCompiler.c.o  -o cmTC_8906a 


Detecting C compiler ABI info compiled with the following output:
Change Dir: /Users/Valerio/Project/spe2eeapp/iOS/Spe2ee copy/libs/libjpeg-turbo-2.0.4/ARMv7/CMakeFiles/CMakeTmp

Run Build Command:"/usr/bin/make" "cmTC_bc9b9/fast"
/Applications/Xcode.app/Contents/Developer/usr/bin/make -f CMakeFiles/cmTC_bc9b9.dir/build.make CMakeFiles/cmTC_bc9b9.dir/build
Building C object CMakeFiles/cmTC_bc9b9.dir/CMakeCCompilerABI.c.o
/Applications/Xcode.app/Contents/Developer/Toolchains/XcodeDefault.xctoolchain/usr/bin/clang   -mfloat-abi=softfp -arch armv7 -miphoneos-version-min=7.0  -isysroot /Applications/Xcode.app/Contents/Developer/Platforms/iPhoneOS.platform/Developer/SDKs/iPhoneOS.sdk   -o CMakeFiles/cmTC_bc9b9.dir/CMakeCCompilerABI.c.o   -c /usr/local/Cellar/cmake/3.11.1/share/cmake/Modules/CMakeCCompilerABI.c
Linking C executable cmTC_bc9b9
/usr/local/Cellar/cmake/3.11.1/bin/cmake -E cmake_link_script CMakeFiles/cmTC_bc9b9.dir/link.txt --verbose=1
/Applications/Xcode.app/Contents/Developer/Toolchains/XcodeDefault.xctoolchain/usr/bin/clang -mfloat-abi=softfp -arch armv7 -miphoneos-version-min=7.0  -isysroot /Applications/Xcode.app/Contents/Developer/Platforms/iPhoneOS.platform/Developer/SDKs/iPhoneOS.sdk -Wl,-headerpad_max_install_names  -v -Wl,-v CMakeFiles/cmTC_bc9b9.dir/CMakeCCompilerABI.c.o  -o cmTC_bc9b9 
Apple clang version 11.0.0 (clang-1100.0.33.17)
Target: arm-apple-darwin19.3.0
Thread model: posix
InstalledDir: /Applications/Xcode.app/Contents/Developer/Toolchains/XcodeDefault.xctoolchain/usr/bin
 "/Applications/Xcode.app/Contents/Developer/Toolchains/XcodeDefault.xctoolchain/usr/bin/ld" -demangle -lto_library /Applications/Xcode.app/Contents/Developer/Toolchains/XcodeDefault.xctoolchain/usr/lib/libLTO.dylib -dynamic -arch armv7 -iphoneos_version_min 7.0.0 -syslibroot /Applications/Xcode.app/Contents/Developer/Platforms/iPhoneOS.platform/Developer/SDKs/iPhoneOS.sdk -o cmTC_bc9b9 -headerpad_max_install_names -v CMakeFiles/cmTC_bc9b9.dir/CMakeCCompilerABI.c.o -lSystem /Applications/Xcode.app/Contents/Developer/Toolchains/XcodeDefault.xctoolchain/usr/lib/clang/11.0.0/lib/darwin/libclang_rt.ios.a
@(#)PROGRAM:ld  PROJECT:ld64-530
BUILD 18:57:17 Dec 13 2019
configured to support archs: armv6 armv7 armv7s arm64 arm64e arm64_32 i386 x86_64 x86_64h armv6m armv7k armv7m armv7em
Library search paths:
	/Applications/Xcode.app/Contents/Developer/Platforms/iPhoneOS.platform/Developer/SDKs/iPhoneOS.sdk/usr/lib
Framework search paths:
	/Applications/Xcode.app/Contents/Developer/Platforms/iPhoneOS.platform/Developer/SDKs/iPhoneOS.sdk/System/Library/Frameworks/


Parsed C implicit link information from above output:
  link line regex: [^( *|.*[/\])(ld|CMAKE_LINK_STARTFILE-NOTFOUND|([^/\]+-)?ld|collect2)[^/\]*( |$)]
  ignore line: [Change Dir: /Users/Valerio/Project/spe2eeapp/iOS/Spe2ee copy/libs/libjpeg-turbo-2.0.4/ARMv7/CMakeFiles/CMakeTmp]
  ignore line: []
  ignore line: [Run Build Command:"/usr/bin/make" "cmTC_bc9b9/fast"]
  ignore line: [/Applications/Xcode.app/Contents/Developer/usr/bin/make -f CMakeFiles/cmTC_bc9b9.dir/build.make CMakeFiles/cmTC_bc9b9.dir/build]
  ignore line: [Building C object CMakeFiles/cmTC_bc9b9.dir/CMakeCCompilerABI.c.o]
  ignore line: [/Applications/Xcode.app/Contents/Developer/Toolchains/XcodeDefault.xctoolchain/usr/bin/clang   -mfloat-abi=softfp -arch armv7 -miphoneos-version-min=7.0  -isysroot /Applications/Xcode.app/Contents/Developer/Platforms/iPhoneOS.platform/Developer/SDKs/iPhoneOS.sdk   -o CMakeFiles/cmTC_bc9b9.dir/CMakeCCompilerABI.c.o   -c /usr/local/Cellar/cmake/3.11.1/share/cmake/Modules/CMakeCCompilerABI.c]
  ignore line: [Linking C executable cmTC_bc9b9]
  ignore line: [/usr/local/Cellar/cmake/3.11.1/bin/cmake -E cmake_link_script CMakeFiles/cmTC_bc9b9.dir/link.txt --verbose=1]
  ignore line: [/Applications/Xcode.app/Contents/Developer/Toolchains/XcodeDefault.xctoolchain/usr/bin/clang -mfloat-abi=softfp -arch armv7 -miphoneos-version-min=7.0  -isysroot /Applications/Xcode.app/Contents/Developer/Platforms/iPhoneOS.platform/Developer/SDKs/iPhoneOS.sdk -Wl,-headerpad_max_install_names  -v -Wl,-v CMakeFiles/cmTC_bc9b9.dir/CMakeCCompilerABI.c.o  -o cmTC_bc9b9 ]
  ignore line: [Apple clang version 11.0.0 (clang-1100.0.33.17)]
  ignore line: [Target: arm-apple-darwin19.3.0]
  ignore line: [Thread model: posix]
  ignore line: [InstalledDir: /Applications/Xcode.app/Contents/Developer/Toolchains/XcodeDefault.xctoolchain/usr/bin]
  link line: [ "/Applications/Xcode.app/Contents/Developer/Toolchains/XcodeDefault.xctoolchain/usr/bin/ld" -demangle -lto_library /Applications/Xcode.app/Contents/Developer/Toolchains/XcodeDefault.xctoolchain/usr/lib/libLTO.dylib -dynamic -arch armv7 -iphoneos_version_min 7.0.0 -syslibroot /Applications/Xcode.app/Contents/Developer/Platforms/iPhoneOS.platform/Developer/SDKs/iPhoneOS.sdk -o cmTC_bc9b9 -headerpad_max_install_names -v CMakeFiles/cmTC_bc9b9.dir/CMakeCCompilerABI.c.o -lSystem /Applications/Xcode.app/Contents/Developer/Toolchains/XcodeDefault.xctoolchain/usr/lib/clang/11.0.0/lib/darwin/libclang_rt.ios.a]
    arg [/Applications/Xcode.app/Contents/Developer/Toolchains/XcodeDefault.xctoolchain/usr/bin/ld] ==> ignore
    arg [-demangle] ==> ignore
    arg [-lto_library] ==> ignore, skip following value
    arg [/Applications/Xcode.app/Contents/Developer/Toolchains/XcodeDefault.xctoolchain/usr/lib/libLTO.dylib] ==> skip value of -lto_library
    arg [-dynamic] ==> ignore
    arg [-arch] ==> ignore
    arg [armv7] ==> ignore
    arg [-iphoneos_version_min] ==> ignore
    arg [7.0.0] ==> ignore
    arg [-syslibroot] ==> ignore
    arg [/Applications/Xcode.app/Contents/Developer/Platforms/iPhoneOS.platform/Developer/SDKs/iPhoneOS.sdk] ==> ignore
    arg [-o] ==> ignore
    arg [cmTC_bc9b9] ==> ignore
    arg [-headerpad_max_install_names] ==> ignore
    arg [-v] ==> ignore
    arg [CMakeFiles/cmTC_bc9b9.dir/CMakeCCompilerABI.c.o] ==> ignore
    arg [-lSystem] ==> lib [System]
    arg [/Applications/Xcode.app/Contents/Developer/Toolchains/XcodeDefault.xctoolchain/usr/lib/clang/11.0.0/lib/darwin/libclang_rt.ios.a] ==> lib [/Applications/Xcode.app/Contents/Developer/Toolchains/XcodeDefault.xctoolchain/usr/lib/clang/11.0.0/lib/darwin/libclang_rt.ios.a]
  Library search paths: [;/Applications/Xcode.app/Contents/Developer/Platforms/iPhoneOS.platform/Developer/SDKs/iPhoneOS.sdk/usr/lib]
  Framework search paths: [;/Applications/Xcode.app/Contents/Developer/Platforms/iPhoneOS.platform/Developer/SDKs/iPhoneOS.sdk/System/Library/Frameworks/]
  remove lib [System]
  remove lib [/Applications/Xcode.app/Contents/Developer/Toolchains/XcodeDefault.xctoolchain/usr/lib/clang/11.0.0/lib/darwin/libclang_rt.ios.a]
  collapse library dir [/Applications/Xcode.app/Contents/Developer/Platforms/iPhoneOS.platform/Developer/SDKs/iPhoneOS.sdk/usr/lib] ==> [/Applications/Xcode.app/Contents/Developer/Platforms/iPhoneOS.platform/Developer/SDKs/iPhoneOS.sdk/usr/lib]
  collapse framework dir [/Applications/Xcode.app/Contents/Developer/Platforms/iPhoneOS.platform/Developer/SDKs/iPhoneOS.sdk/System/Library/Frameworks/] ==> [/Applications/Xcode.app/Contents/Developer/Platforms/iPhoneOS.platform/Developer/SDKs/iPhoneOS.sdk/System/Library/Frameworks]
  implicit libs: []
  implicit dirs: [/Applications/Xcode.app/Contents/Developer/Platforms/iPhoneOS.platform/Developer/SDKs/iPhoneOS.sdk/usr/lib]
  implicit fwks: [/Applications/Xcode.app/Contents/Developer/Platforms/iPhoneOS.platform/Developer/SDKs/iPhoneOS.sdk/System/Library/Frameworks]




Detecting C [-std=c11] compiler features compiled with the following output:
Change Dir: /Users/Valerio/Project/spe2eeapp/iOS/Spe2ee copy/libs/libjpeg-turbo-2.0.4/ARMv7/CMakeFiles/CMakeTmp

Run Build Command:"/usr/bin/make" "cmTC_01027/fast"
/Applications/Xcode.app/Contents/Developer/usr/bin/make -f CMakeFiles/cmTC_01027.dir/build.make CMakeFiles/cmTC_01027.dir/build
Building C object CMakeFiles/cmTC_01027.dir/feature_tests.c.o
/Applications/Xcode.app/Contents/Developer/Toolchains/XcodeDefault.xctoolchain/usr/bin/clang   -mfloat-abi=softfp -arch armv7 -miphoneos-version-min=7.0  -isysroot /Applications/Xcode.app/Contents/Developer/Platforms/iPhoneOS.platform/Developer/SDKs/iPhoneOS.sdk   -std=c11 -o CMakeFiles/cmTC_01027.dir/feature_tests.c.o   -c "/Users/Valerio/Project/spe2eeapp/iOS/Spe2ee copy/libs/libjpeg-turbo-2.0.4/ARMv7/CMakeFiles/feature_tests.c"
Linking C executable cmTC_01027
/usr/local/Cellar/cmake/3.11.1/bin/cmake -E cmake_link_script CMakeFiles/cmTC_01027.dir/link.txt --verbose=1
/Applications/Xcode.app/Contents/Developer/Toolchains/XcodeDefault.xctoolchain/usr/bin/clang -mfloat-abi=softfp -arch armv7 -miphoneos-version-min=7.0  -isysroot /Applications/Xcode.app/Contents/Developer/Platforms/iPhoneOS.platform/Developer/SDKs/iPhoneOS.sdk -Wl,-headerpad_max_install_names   CMakeFiles/cmTC_01027.dir/feature_tests.c.o  -o cmTC_01027 


    Feature record: C_FEATURE:1c_function_prototypes
    Feature record: C_FEATURE:1c_restrict
    Feature record: C_FEATURE:1c_static_assert
    Feature record: C_FEATURE:1c_variadic_macros


Detecting C [-std=c99] compiler features compiled with the following output:
Change Dir: /Users/Valerio/Project/spe2eeapp/iOS/Spe2ee copy/libs/libjpeg-turbo-2.0.4/ARMv7/CMakeFiles/CMakeTmp

Run Build Command:"/usr/bin/make" "cmTC_67adf/fast"
/Applications/Xcode.app/Contents/Developer/usr/bin/make -f CMakeFiles/cmTC_67adf.dir/build.make CMakeFiles/cmTC_67adf.dir/build
Building C object CMakeFiles/cmTC_67adf.dir/feature_tests.c.o
/Applications/Xcode.app/Contents/Developer/Toolchains/XcodeDefault.xctoolchain/usr/bin/clang   -mfloat-abi=softfp -arch armv7 -miphoneos-version-min=7.0  -isysroot /Applications/Xcode.app/Contents/Developer/Platforms/iPhoneOS.platform/Developer/SDKs/iPhoneOS.sdk   -std=c99 -o CMakeFiles/cmTC_67adf.dir/feature_tests.c.o   -c "/Users/Valerio/Project/spe2eeapp/iOS/Spe2ee copy/libs/libjpeg-turbo-2.0.4/ARMv7/CMakeFiles/feature_tests.c"
Linking C executable cmTC_67adf
/usr/local/Cellar/cmake/3.11.1/bin/cmake -E cmake_link_script CMakeFiles/cmTC_67adf.dir/link.txt --verbose=1
/Applications/Xcode.app/Contents/Developer/Toolchains/XcodeDefault.xctoolchain/usr/bin/clang -mfloat-abi=softfp -arch armv7 -miphoneos-version-min=7.0  -isysroot /Applications/Xcode.app/Contents/Developer/Platforms/iPhoneOS.platform/Developer/SDKs/iPhoneOS.sdk -Wl,-headerpad_max_install_names   CMakeFiles/cmTC_67adf.dir/feature_tests.c.o  -o cmTC_67adf 


    Feature record: C_FEATURE:1c_function_prototypes
    Feature record: C_FEATURE:1c_restrict
    Feature record: C_FEATURE:0c_static_assert
    Feature record: C_FEATURE:1c_variadic_macros


Detecting C [-std=c90] compiler features compiled with the following output:
Change Dir: /Users/Valerio/Project/spe2eeapp/iOS/Spe2ee copy/libs/libjpeg-turbo-2.0.4/ARMv7/CMakeFiles/CMakeTmp

Run Build Command:"/usr/bin/make" "cmTC_fc1bf/fast"
/Applications/Xcode.app/Contents/Developer/usr/bin/make -f CMakeFiles/cmTC_fc1bf.dir/build.make CMakeFiles/cmTC_fc1bf.dir/build
Building C object CMakeFiles/cmTC_fc1bf.dir/feature_tests.c.o
/Applications/Xcode.app/Contents/Developer/Toolchains/XcodeDefault.xctoolchain/usr/bin/clang   -mfloat-abi=softfp -arch armv7 -miphoneos-version-min=7.0  -isysroot /Applications/Xcode.app/Contents/Developer/Platforms/iPhoneOS.platform/Developer/SDKs/iPhoneOS.sdk   -std=c90 -o CMakeFiles/cmTC_fc1bf.dir/feature_tests.c.o   -c "/Users/Valerio/Project/spe2eeapp/iOS/Spe2ee copy/libs/libjpeg-turbo-2.0.4/ARMv7/CMakeFiles/feature_tests.c"
Linking C executable cmTC_fc1bf
/usr/local/Cellar/cmake/3.11.1/bin/cmake -E cmake_link_script CMakeFiles/cmTC_fc1bf.dir/link.txt --verbose=1
/Applications/Xcode.app/Contents/Developer/Toolchains/XcodeDefault.xctoolchain/usr/bin/clang -mfloat-abi=softfp -arch armv7 -miphoneos-version-min=7.0  -isysroot /Applications/Xcode.app/Contents/Developer/Platforms/iPhoneOS.platform/Developer/SDKs/iPhoneOS.sdk -Wl,-headerpad_max_install_names   CMakeFiles/cmTC_fc1bf.dir/feature_tests.c.o  -o cmTC_fc1bf 


    Feature record: C_FEATURE:1c_function_prototypes
    Feature record: C_FEATURE:0c_restrict
    Feature record: C_FEATURE:0c_static_assert
    Feature record: C_FEATURE:0c_variadic_macros
Determining if the include file sys/types.h exists passed with the following output:
Change Dir: /Users/Valerio/Project/spe2eeapp/iOS/Spe2ee copy/libs/libjpeg-turbo-2.0.4/ARMv7/CMakeFiles/CMakeTmp

Run Build Command:"/usr/bin/make" "cmTC_008b6/fast"
/Applications/Xcode.app/Contents/Developer/usr/bin/make -f CMakeFiles/cmTC_008b6.dir/build.make CMakeFiles/cmTC_008b6.dir/build
Building C object CMakeFiles/cmTC_008b6.dir/CheckIncludeFile.c.o
/Applications/Xcode.app/Contents/Developer/Toolchains/XcodeDefault.xctoolchain/usr/bin/clang   -mfloat-abi=softfp -arch armv7 -miphoneos-version-min=7.0  -isysroot /Applications/Xcode.app/Contents/Developer/Platforms/iPhoneOS.platform/Developer/SDKs/iPhoneOS.sdk   -o CMakeFiles/cmTC_008b6.dir/CheckIncludeFile.c.o   -c "/Users/Valerio/Project/spe2eeapp/iOS/Spe2ee copy/libs/libjpeg-turbo-2.0.4/ARMv7/CMakeFiles/CMakeTmp/CheckIncludeFile.c"
Linking C executable cmTC_008b6
/usr/local/Cellar/cmake/3.11.1/bin/cmake -E cmake_link_script CMakeFiles/cmTC_008b6.dir/link.txt --verbose=1
/Applications/Xcode.app/Contents/Developer/Toolchains/XcodeDefault.xctoolchain/usr/bin/clang -mfloat-abi=softfp -arch armv7 -miphoneos-version-min=7.0  -isysroot /Applications/Xcode.app/Contents/Developer/Platforms/iPhoneOS.platform/Developer/SDKs/iPhoneOS.sdk -Wl,-headerpad_max_install_names   CMakeFiles/cmTC_008b6.dir/CheckIncludeFile.c.o  -o cmTC_008b6 


Determining if the include file stdint.h exists passed with the following output:
Change Dir: /Users/Valerio/Project/spe2eeapp/iOS/Spe2ee copy/libs/libjpeg-turbo-2.0.4/ARMv7/CMakeFiles/CMakeTmp

Run Build Command:"/usr/bin/make" "cmTC_0ca15/fast"
/Applications/Xcode.app/Contents/Developer/usr/bin/make -f CMakeFiles/cmTC_0ca15.dir/build.make CMakeFiles/cmTC_0ca15.dir/build
Building C object CMakeFiles/cmTC_0ca15.dir/CheckIncludeFile.c.o
/Applications/Xcode.app/Contents/Developer/Toolchains/XcodeDefault.xctoolchain/usr/bin/clang   -mfloat-abi=softfp -arch armv7 -miphoneos-version-min=7.0  -isysroot /Applications/Xcode.app/Contents/Developer/Platforms/iPhoneOS.platform/Developer/SDKs/iPhoneOS.sdk   -o CMakeFiles/cmTC_0ca15.dir/CheckIncludeFile.c.o   -c "/Users/Valerio/Project/spe2eeapp/iOS/Spe2ee copy/libs/libjpeg-turbo-2.0.4/ARMv7/CMakeFiles/CMakeTmp/CheckIncludeFile.c"
Linking C executable cmTC_0ca15
/usr/local/Cellar/cmake/3.11.1/bin/cmake -E cmake_link_script CMakeFiles/cmTC_0ca15.dir/link.txt --verbose=1
/Applications/Xcode.app/Contents/Developer/Toolchains/XcodeDefault.xctoolchain/usr/bin/clang -mfloat-abi=softfp -arch armv7 -miphoneos-version-min=7.0  -isysroot /Applications/Xcode.app/Contents/Developer/Platforms/iPhoneOS.platform/Developer/SDKs/iPhoneOS.sdk -Wl,-headerpad_max_install_names   CMakeFiles/cmTC_0ca15.dir/CheckIncludeFile.c.o  -o cmTC_0ca15 


Determining if the include file stddef.h exists passed with the following output:
Change Dir: /Users/Valerio/Project/spe2eeapp/iOS/Spe2ee copy/libs/libjpeg-turbo-2.0.4/ARMv7/CMakeFiles/CMakeTmp

Run Build Command:"/usr/bin/make" "cmTC_87daa/fast"
/Applications/Xcode.app/Contents/Developer/usr/bin/make -f CMakeFiles/cmTC_87daa.dir/build.make CMakeFiles/cmTC_87daa.dir/build
Building C object CMakeFiles/cmTC_87daa.dir/CheckIncludeFile.c.o
/Applications/Xcode.app/Contents/Developer/Toolchains/XcodeDefault.xctoolchain/usr/bin/clang   -mfloat-abi=softfp -arch armv7 -miphoneos-version-min=7.0  -isysroot /Applications/Xcode.app/Contents/Developer/Platforms/iPhoneOS.platform/Developer/SDKs/iPhoneOS.sdk   -o CMakeFiles/cmTC_87daa.dir/CheckIncludeFile.c.o   -c "/Users/Valerio/Project/spe2eeapp/iOS/Spe2ee copy/libs/libjpeg-turbo-2.0.4/ARMv7/CMakeFiles/CMakeTmp/CheckIncludeFile.c"
Linking C executable cmTC_87daa
/usr/local/Cellar/cmake/3.11.1/bin/cmake -E cmake_link_script CMakeFiles/cmTC_87daa.dir/link.txt --verbose=1
/Applications/Xcode.app/Contents/Developer/Toolchains/XcodeDefault.xctoolchain/usr/bin/clang -mfloat-abi=softfp -arch armv7 -miphoneos-version-min=7.0  -isysroot /Applications/Xcode.app/Contents/Developer/Platforms/iPhoneOS.platform/Developer/SDKs/iPhoneOS.sdk -Wl,-headerpad_max_install_names   CMakeFiles/cmTC_87daa.dir/CheckIncludeFile.c.o  -o cmTC_87daa 


Determining size of size_t passed with the following output:
Change Dir: /Users/Valerio/Project/spe2eeapp/iOS/Spe2ee copy/libs/libjpeg-turbo-2.0.4/ARMv7/CMakeFiles/CMakeTmp

Run Build Command:"/usr/bin/make" "cmTC_b86e3/fast"
/Applications/Xcode.app/Contents/Developer/usr/bin/make -f CMakeFiles/cmTC_b86e3.dir/build.make CMakeFiles/cmTC_b86e3.dir/build
Building C object CMakeFiles/cmTC_b86e3.dir/SIZE_T.c.o
/Applications/Xcode.app/Contents/Developer/Toolchains/XcodeDefault.xctoolchain/usr/bin/clang   -mfloat-abi=softfp -arch armv7 -miphoneos-version-min=7.0  -isysroot /Applications/Xcode.app/Contents/Developer/Platforms/iPhoneOS.platform/Developer/SDKs/iPhoneOS.sdk   -o CMakeFiles/cmTC_b86e3.dir/SIZE_T.c.o   -c "/Users/Valerio/Project/spe2eeapp/iOS/Spe2ee copy/libs/libjpeg-turbo-2.0.4/ARMv7/CMakeFiles/CheckTypeSize/SIZE_T.c"
Linking C executable cmTC_b86e3
/usr/local/Cellar/cmake/3.11.1/bin/cmake -E cmake_link_script CMakeFiles/cmTC_b86e3.dir/link.txt --verbose=1
/Applications/Xcode.app/Contents/Developer/Toolchains/XcodeDefault.xctoolchain/usr/bin/clang -mfloat-abi=softfp -arch armv7 -miphoneos-version-min=7.0  -isysroot /Applications/Xcode.app/Contents/Developer/Platforms/iPhoneOS.platform/Developer/SDKs/iPhoneOS.sdk -Wl,-headerpad_max_install_names   CMakeFiles/cmTC_b86e3.dir/SIZE_T.c.o  -o cmTC_b86e3 


Determining size of unsigned long passed with the following output:
Change Dir: /Users/Valerio/Project/spe2eeapp/iOS/Spe2ee copy/libs/libjpeg-turbo-2.0.4/ARMv7/CMakeFiles/CMakeTmp

Run Build Command:"/usr/bin/make" "cmTC_2f5f0/fast"
/Applications/Xcode.app/Contents/Developer/usr/bin/make -f CMakeFiles/cmTC_2f5f0.dir/build.make CMakeFiles/cmTC_2f5f0.dir/build
Building C object CMakeFiles/cmTC_2f5f0.dir/UNSIGNED_LONG.c.o
/Applications/Xcode.app/Contents/Developer/Toolchains/XcodeDefault.xctoolchain/usr/bin/clang   -mfloat-abi=softfp -arch armv7 -miphoneos-version-min=7.0  -isysroot /Applications/Xcode.app/Contents/Developer/Platforms/iPhoneOS.platform/Developer/SDKs/iPhoneOS.sdk   -o CMakeFiles/cmTC_2f5f0.dir/UNSIGNED_LONG.c.o   -c "/Users/Valerio/Project/spe2eeapp/iOS/Spe2ee copy/libs/libjpeg-turbo-2.0.4/ARMv7/CMakeFiles/CheckTypeSize/UNSIGNED_LONG.c"
Linking C executable cmTC_2f5f0
/usr/local/Cellar/cmake/3.11.1/bin/cmake -E cmake_link_script CMakeFiles/cmTC_2f5f0.dir/link.txt --verbose=1
/Applications/Xcode.app/Contents/Developer/Toolchains/XcodeDefault.xctoolchain/usr/bin/clang -mfloat-abi=softfp -arch armv7 -miphoneos-version-min=7.0  -isysroot /Applications/Xcode.app/Contents/Developer/Platforms/iPhoneOS.platform/Developer/SDKs/iPhoneOS.sdk -Wl,-headerpad_max_install_names   CMakeFiles/cmTC_2f5f0.dir/UNSIGNED_LONG.c.o  -o cmTC_2f5f0 


Performing C SOURCE FILE Test HAVE_BUILTIN_CTZL succeeded with the following output:
Change Dir: /Users/Valerio/Project/spe2eeapp/iOS/Spe2ee copy/libs/libjpeg-turbo-2.0.4/ARMv7/CMakeFiles/CMakeTmp

Run Build Command:"/usr/bin/make" "cmTC_6702f/fast"
/Applications/Xcode.app/Contents/Developer/usr/bin/make -f CMakeFiles/cmTC_6702f.dir/build.make CMakeFiles/cmTC_6702f.dir/build
Building C object CMakeFiles/cmTC_6702f.dir/src.c.o
/Applications/Xcode.app/Contents/Developer/Toolchains/XcodeDefault.xctoolchain/usr/bin/clang   -mfloat-abi=softfp -arch armv7 -miphoneos-version-min=7.0 -DHAVE_BUILTIN_CTZL -isysroot /Applications/Xcode.app/Contents/Developer/Platforms/iPhoneOS.platform/Developer/SDKs/iPhoneOS.sdk   -o CMakeFiles/cmTC_6702f.dir/src.c.o   -c "/Users/Valerio/Project/spe2eeapp/iOS/Spe2ee copy/libs/libjpeg-turbo-2.0.4/ARMv7/CMakeFiles/CMakeTmp/src.c"
Linking C executable cmTC_6702f
/usr/local/Cellar/cmake/3.11.1/bin/cmake -E cmake_link_script CMakeFiles/cmTC_6702f.dir/link.txt --verbose=1
/Applications/Xcode.app/Contents/Developer/Toolchains/XcodeDefault.xctoolchain/usr/bin/clang -mfloat-abi=softfp -arch armv7 -miphoneos-version-min=7.0 -DHAVE_BUILTIN_CTZL -isysroot /Applications/Xcode.app/Contents/Developer/Platforms/iPhoneOS.platform/Developer/SDKs/iPhoneOS.sdk -Wl,-headerpad_max_install_names   CMakeFiles/cmTC_6702f.dir/src.c.o  -o cmTC_6702f 

Source file was:
int main(int argc, char **argv) { unsigned long a = argc;  return __builtin_ctzl(a); }
Determining if files locale.h exist passed with the following output:
Change Dir: /Users/Valerio/Project/spe2eeapp/iOS/Spe2ee copy/libs/libjpeg-turbo-2.0.4/ARMv7/CMakeFiles/CMakeTmp

Run Build Command:"/usr/bin/make" "cmTC_ece38/fast"
/Applications/Xcode.app/Contents/Developer/usr/bin/make -f CMakeFiles/cmTC_ece38.dir/build.make CMakeFiles/cmTC_ece38.dir/build
Building C object CMakeFiles/cmTC_ece38.dir/HAVE_LOCALE_H.c.o
/Applications/Xcode.app/Contents/Developer/Toolchains/XcodeDefault.xctoolchain/usr/bin/clang   -mfloat-abi=softfp -arch armv7 -miphoneos-version-min=7.0  -isysroot /Applications/Xcode.app/Contents/Developer/Platforms/iPhoneOS.platform/Developer/SDKs/iPhoneOS.sdk   -o CMakeFiles/cmTC_ece38.dir/HAVE_LOCALE_H.c.o   -c "/Users/Valerio/Project/spe2eeapp/iOS/Spe2ee copy/libs/libjpeg-turbo-2.0.4/ARMv7/CMakeFiles/CheckIncludeFiles/HAVE_LOCALE_H.c"
Linking C executable cmTC_ece38
/usr/local/Cellar/cmake/3.11.1/bin/cmake -E cmake_link_script CMakeFiles/cmTC_ece38.dir/link.txt --verbose=1
/Applications/Xcode.app/Contents/Developer/Toolchains/XcodeDefault.xctoolchain/usr/bin/clang -mfloat-abi=softfp -arch armv7 -miphoneos-version-min=7.0  -isysroot /Applications/Xcode.app/Contents/Developer/Platforms/iPhoneOS.platform/Developer/SDKs/iPhoneOS.sdk -Wl,-headerpad_max_install_names   CMakeFiles/cmTC_ece38.dir/HAVE_LOCALE_H.c.o  -o cmTC_ece38 


Determining if files stdlib.h exist passed with the following output:
Change Dir: /Users/Valerio/Project/spe2eeapp/iOS/Spe2ee copy/libs/libjpeg-turbo-2.0.4/ARMv7/CMakeFiles/CMakeTmp

Run Build Command:"/usr/bin/make" "cmTC_1becd/fast"
/Applications/Xcode.app/Contents/Developer/usr/bin/make -f CMakeFiles/cmTC_1becd.dir/build.make CMakeFiles/cmTC_1becd.dir/build
Building C object CMakeFiles/cmTC_1becd.dir/HAVE_STDLIB_H.c.o
/Applications/Xcode.app/Contents/Developer/Toolchains/XcodeDefault.xctoolchain/usr/bin/clang   -mfloat-abi=softfp -arch armv7 -miphoneos-version-min=7.0  -isysroot /Applications/Xcode.app/Contents/Developer/Platforms/iPhoneOS.platform/Developer/SDKs/iPhoneOS.sdk   -o CMakeFiles/cmTC_1becd.dir/HAVE_STDLIB_H.c.o   -c "/Users/Valerio/Project/spe2eeapp/iOS/Spe2ee copy/libs/libjpeg-turbo-2.0.4/ARMv7/CMakeFiles/CheckIncludeFiles/HAVE_STDLIB_H.c"
Linking C executable cmTC_1becd
/usr/local/Cellar/cmake/3.11.1/bin/cmake -E cmake_link_script CMakeFiles/cmTC_1becd.dir/link.txt --verbose=1
/Applications/Xcode.app/Contents/Developer/Toolchains/XcodeDefault.xctoolchain/usr/bin/clang -mfloat-abi=softfp -arch armv7 -miphoneos-version-min=7.0  -isysroot /Applications/Xcode.app/Contents/Developer/Platforms/iPhoneOS.platform/Developer/SDKs/iPhoneOS.sdk -Wl,-headerpad_max_install_names   CMakeFiles/cmTC_1becd.dir/HAVE_STDLIB_H.c.o  -o cmTC_1becd 


Determining if files sys/types.h exist passed with the following output:
Change Dir: /Users/Valerio/Project/spe2eeapp/iOS/Spe2ee copy/libs/libjpeg-turbo-2.0.4/ARMv7/CMakeFiles/CMakeTmp

Run Build Command:"/usr/bin/make" "cmTC_1034f/fast"
/Applications/Xcode.app/Contents/Developer/usr/bin/make -f CMakeFiles/cmTC_1034f.dir/build.make CMakeFiles/cmTC_1034f.dir/build
Building C object CMakeFiles/cmTC_1034f.dir/NEED_SYS_TYPES_H.c.o
/Applications/Xcode.app/Contents/Developer/Toolchains/XcodeDefault.xctoolchain/usr/bin/clang   -mfloat-abi=softfp -arch armv7 -miphoneos-version-min=7.0  -isysroot /Applications/Xcode.app/Contents/Developer/Platforms/iPhoneOS.platform/Developer/SDKs/iPhoneOS.sdk   -o CMakeFiles/cmTC_1034f.dir/NEED_SYS_TYPES_H.c.o   -c "/Users/Valerio/Project/spe2eeapp/iOS/Spe2ee copy/libs/libjpeg-turbo-2.0.4/ARMv7/CMakeFiles/CheckIncludeFiles/NEED_SYS_TYPES_H.c"
Linking C executable cmTC_1034f
/usr/local/Cellar/cmake/3.11.1/bin/cmake -E cmake_link_script CMakeFiles/cmTC_1034f.dir/link.txt --verbose=1
/Applications/Xcode.app/Contents/Developer/Toolchains/XcodeDefault.xctoolchain/usr/bin/clang -mfloat-abi=softfp -arch armv7 -miphoneos-version-min=7.0  -isysroot /Applications/Xcode.app/Contents/Developer/Platforms/iPhoneOS.platform/Developer/SDKs/iPhoneOS.sdk -Wl,-headerpad_max_install_names   CMakeFiles/cmTC_1034f.dir/NEED_SYS_TYPES_H.c.o  -o cmTC_1034f 


Determining if the memset exist passed with the following output:
Change Dir: /Users/Valerio/Project/spe2eeapp/iOS/Spe2ee copy/libs/libjpeg-turbo-2.0.4/ARMv7/CMakeFiles/CMakeTmp

Run Build Command:"/usr/bin/make" "cmTC_e356c/fast"
/Applications/Xcode.app/Contents/Developer/usr/bin/make -f CMakeFiles/cmTC_e356c.dir/build.make CMakeFiles/cmTC_e356c.dir/build
Building C object CMakeFiles/cmTC_e356c.dir/CheckSymbolExists.c.o
/Applications/Xcode.app/Contents/Developer/Toolchains/XcodeDefault.xctoolchain/usr/bin/clang   -mfloat-abi=softfp -arch armv7 -miphoneos-version-min=7.0  -isysroot /Applications/Xcode.app/Contents/Developer/Platforms/iPhoneOS.platform/Developer/SDKs/iPhoneOS.sdk   -o CMakeFiles/cmTC_e356c.dir/CheckSymbolExists.c.o   -c "/Users/Valerio/Project/spe2eeapp/iOS/Spe2ee copy/libs/libjpeg-turbo-2.0.4/ARMv7/CMakeFiles/CMakeTmp/CheckSymbolExists.c"
Linking C executable cmTC_e356c
/usr/local/Cellar/cmake/3.11.1/bin/cmake -E cmake_link_script CMakeFiles/cmTC_e356c.dir/link.txt --verbose=1
/Applications/Xcode.app/Contents/Developer/Toolchains/XcodeDefault.xctoolchain/usr/bin/clang -mfloat-abi=softfp -arch armv7 -miphoneos-version-min=7.0  -isysroot /Applications/Xcode.app/Contents/Developer/Platforms/iPhoneOS.platform/Developer/SDKs/iPhoneOS.sdk -Wl,-headerpad_max_install_names   CMakeFiles/cmTC_e356c.dir/CheckSymbolExists.c.o  -o cmTC_e356c 

File /Users/Valerio/Project/spe2eeapp/iOS/Spe2ee copy/libs/libjpeg-turbo-2.0.4/ARMv7/CMakeFiles/CMakeTmp/CheckSymbolExists.c:
/* */
#include <string.h>

int main(int argc, char** argv)
{
  (void)argv;
#ifndef memset
  return ((int*)(&memset))[argc];
#else
  (void)argc;
  return 0;
#endif
}

Determining if the memcpy exist passed with the following output:
Change Dir: /Users/Valerio/Project/spe2eeapp/iOS/Spe2ee copy/libs/libjpeg-turbo-2.0.4/ARMv7/CMakeFiles/CMakeTmp

Run Build Command:"/usr/bin/make" "cmTC_774f8/fast"
/Applications/Xcode.app/Contents/Developer/usr/bin/make -f CMakeFiles/cmTC_774f8.dir/build.make CMakeFiles/cmTC_774f8.dir/build
Building C object CMakeFiles/cmTC_774f8.dir/CheckSymbolExists.c.o
/Applications/Xcode.app/Contents/Developer/Toolchains/XcodeDefault.xctoolchain/usr/bin/clang   -mfloat-abi=softfp -arch armv7 -miphoneos-version-min=7.0  -isysroot /Applications/Xcode.app/Contents/Developer/Platforms/iPhoneOS.platform/Developer/SDKs/iPhoneOS.sdk   -o CMakeFiles/cmTC_774f8.dir/CheckSymbolExists.c.o   -c "/Users/Valerio/Project/spe2eeapp/iOS/Spe2ee copy/libs/libjpeg-turbo-2.0.4/ARMv7/CMakeFiles/CMakeTmp/CheckSymbolExists.c"
Linking C executable cmTC_774f8
/usr/local/Cellar/cmake/3.11.1/bin/cmake -E cmake_link_script CMakeFiles/cmTC_774f8.dir/link.txt --verbose=1
/Applications/Xcode.app/Contents/Developer/Toolchains/XcodeDefault.xctoolchain/usr/bin/clang -mfloat-abi=softfp -arch armv7 -miphoneos-version-min=7.0  -isysroot /Applications/Xcode.app/Contents/Developer/Platforms/iPhoneOS.platform/Developer/SDKs/iPhoneOS.sdk -Wl,-headerpad_max_install_names   CMakeFiles/cmTC_774f8.dir/CheckSymbolExists.c.o  -o cmTC_774f8 

File /Users/Valerio/Project/spe2eeapp/iOS/Spe2ee copy/libs/libjpeg-turbo-2.0.4/ARMv7/CMakeFiles/CMakeTmp/CheckSymbolExists.c:
/* */
#include <string.h>

int main(int argc, char** argv)
{
  (void)argv;
#ifndef memcpy
  return ((int*)(&memcpy))[argc];
#else
  (void)argc;
  return 0;
#endif
}

Determining size of unsigned char passed with the following output:
Change Dir: /Users/Valerio/Project/spe2eeapp/iOS/Spe2ee copy/libs/libjpeg-turbo-2.0.4/ARMv7/CMakeFiles/CMakeTmp

Run Build Command:"/usr/bin/make" "cmTC_1930f/fast"
/Applications/Xcode.app/Contents/Developer/usr/bin/make -f CMakeFiles/cmTC_1930f.dir/build.make CMakeFiles/cmTC_1930f.dir/build
Building C object CMakeFiles/cmTC_1930f.dir/UNSIGNED_CHAR.c.o
/Applications/Xcode.app/Contents/Developer/Toolchains/XcodeDefault.xctoolchain/usr/bin/clang   -mfloat-abi=softfp -arch armv7 -miphoneos-version-min=7.0  -isysroot /Applications/Xcode.app/Contents/Developer/Platforms/iPhoneOS.platform/Developer/SDKs/iPhoneOS.sdk   -o CMakeFiles/cmTC_1930f.dir/UNSIGNED_CHAR.c.o   -c "/Users/Valerio/Project/spe2eeapp/iOS/Spe2ee copy/libs/libjpeg-turbo-2.0.4/ARMv7/CMakeFiles/CheckTypeSize/UNSIGNED_CHAR.c"
Linking C executable cmTC_1930f
/usr/local/Cellar/cmake/3.11.1/bin/cmake -E cmake_link_script CMakeFiles/cmTC_1930f.dir/link.txt --verbose=1
/Applications/Xcode.app/Contents/Developer/Toolchains/XcodeDefault.xctoolchain/usr/bin/clang -mfloat-abi=softfp -arch armv7 -miphoneos-version-min=7.0  -isysroot /Applications/Xcode.app/Contents/Developer/Platforms/iPhoneOS.platform/Developer/SDKs/iPhoneOS.sdk -Wl,-headerpad_max_install_names   CMakeFiles/cmTC_1930f.dir/UNSIGNED_CHAR.c.o  -o cmTC_1930f 


Determining size of unsigned short passed with the following output:
Change Dir: /Users/Valerio/Project/spe2eeapp/iOS/Spe2ee copy/libs/libjpeg-turbo-2.0.4/ARMv7/CMakeFiles/CMakeTmp

Run Build Command:"/usr/bin/make" "cmTC_29d2d/fast"
/Applications/Xcode.app/Contents/Developer/usr/bin/make -f CMakeFiles/cmTC_29d2d.dir/build.make CMakeFiles/cmTC_29d2d.dir/build
Building C object CMakeFiles/cmTC_29d2d.dir/UNSIGNED_SHORT.c.o
/Applications/Xcode.app/Contents/Developer/Toolchains/XcodeDefault.xctoolchain/usr/bin/clang   -mfloat-abi=softfp -arch armv7 -miphoneos-version-min=7.0  -isysroot /Applications/Xcode.app/Contents/Developer/Platforms/iPhoneOS.platform/Developer/SDKs/iPhoneOS.sdk   -o CMakeFiles/cmTC_29d2d.dir/UNSIGNED_SHORT.c.o   -c "/Users/Valerio/Project/spe2eeapp/iOS/Spe2ee copy/libs/libjpeg-turbo-2.0.4/ARMv7/CMakeFiles/CheckTypeSize/UNSIGNED_SHORT.c"
Linking C executable cmTC_29d2d
/usr/local/Cellar/cmake/3.11.1/bin/cmake -E cmake_link_script CMakeFiles/cmTC_29d2d.dir/link.txt --verbose=1
/Applications/Xcode.app/Contents/Developer/Toolchains/XcodeDefault.xctoolchain/usr/bin/clang -mfloat-abi=softfp -arch armv7 -miphoneos-version-min=7.0  -isysroot /Applications/Xcode.app/Contents/Developer/Platforms/iPhoneOS.platform/Developer/SDKs/iPhoneOS.sdk -Wl,-headerpad_max_install_names   CMakeFiles/cmTC_29d2d.dir/UNSIGNED_SHORT.c.o  -o cmTC_29d2d 


Performing C SOURCE FILE Test INCOMPLETE_TYPES succeeded with the following output:
Change Dir: /Users/Valerio/Project/spe2eeapp/iOS/Spe2ee copy/libs/libjpeg-turbo-2.0.4/ARMv7/CMakeFiles/CMakeTmp

Run Build Command:"/usr/bin/make" "cmTC_3e7bc/fast"
/Applications/Xcode.app/Contents/Developer/usr/bin/make -f CMakeFiles/cmTC_3e7bc.dir/build.make CMakeFiles/cmTC_3e7bc.dir/build
Building C object CMakeFiles/cmTC_3e7bc.dir/src.c.o
/Applications/Xcode.app/Contents/Developer/Toolchains/XcodeDefault.xctoolchain/usr/bin/clang   -mfloat-abi=softfp -arch armv7 -miphoneos-version-min=7.0 -DINCOMPLETE_TYPES -isysroot /Applications/Xcode.app/Contents/Developer/Platforms/iPhoneOS.platform/Developer/SDKs/iPhoneOS.sdk   -o CMakeFiles/cmTC_3e7bc.dir/src.c.o   -c "/Users/Valerio/Project/spe2eeapp/iOS/Spe2ee copy/libs/libjpeg-turbo-2.0.4/ARMv7/CMakeFiles/CMakeTmp/src.c"
Linking C executable cmTC_3e7bc
/usr/local/Cellar/cmake/3.11.1/bin/cmake -E cmake_link_script CMakeFiles/cmTC_3e7bc.dir/link.txt --verbose=1
/Applications/Xcode.app/Contents/Developer/Toolchains/XcodeDefault.xctoolchain/usr/bin/clang -mfloat-abi=softfp -arch armv7 -miphoneos-version-min=7.0 -DINCOMPLETE_TYPES -isysroot /Applications/Xcode.app/Contents/Developer/Platforms/iPhoneOS.platform/Developer/SDKs/iPhoneOS.sdk -Wl,-headerpad_max_install_names   CMakeFiles/cmTC_3e7bc.dir/src.c.o  -o cmTC_3e7bc 

Source file was:
int main(void) { typedef struct undefined_structure *undef_struct_ptr;  undef_struct_ptr ptr = 0;  return ptr != 0; }
Performing C SOURCE FILE Test INLINE_WORKS succeeded with the following output:
Change Dir: /Users/Valerio/Project/spe2eeapp/iOS/Spe2ee copy/libs/libjpeg-turbo-2.0.4/ARMv7/CMakeFiles/CMakeTmp

Run Build Command:"/usr/bin/make" "cmTC_04d29/fast"
/Applications/Xcode.app/Contents/Developer/usr/bin/make -f CMakeFiles/cmTC_04d29.dir/build.make CMakeFiles/cmTC_04d29.dir/build
Building C object CMakeFiles/cmTC_04d29.dir/src.c.o
/Applications/Xcode.app/Contents/Developer/Toolchains/XcodeDefault.xctoolchain/usr/bin/clang   -mfloat-abi=softfp -arch armv7 -miphoneos-version-min=7.0 -DINLINE_WORKS -isysroot /Applications/Xcode.app/Contents/Developer/Platforms/iPhoneOS.platform/Developer/SDKs/iPhoneOS.sdk   -o CMakeFiles/cmTC_04d29.dir/src.c.o   -c "/Users/Valerio/Project/spe2eeapp/iOS/Spe2ee copy/libs/libjpeg-turbo-2.0.4/ARMv7/CMakeFiles/CMakeTmp/src.c"
Linking C executable cmTC_04d29
/usr/local/Cellar/cmake/3.11.1/bin/cmake -E cmake_link_script CMakeFiles/cmTC_04d29.dir/link.txt --verbose=1
/Applications/Xcode.app/Contents/Developer/Toolchains/XcodeDefault.xctoolchain/usr/bin/clang -mfloat-abi=softfp -arch armv7 -miphoneos-version-min=7.0 -DINLINE_WORKS -isysroot /Applications/Xcode.app/Contents/Developer/Platforms/iPhoneOS.platform/Developer/SDKs/iPhoneOS.sdk -Wl,-headerpad_max_install_names   CMakeFiles/cmTC_04d29.dir/src.c.o  -o cmTC_04d29 

Source file was:
__inline__ __attribute__((always_inline)) static int foo(void) { return 0; } int main(void) { return foo(); }
